Determining if the pthread_create exist failed with the following output:
Change Dir: /mnt/Documentos/Download/Fabro/ProjetoRemoteApi/CMakeFiles/CMakeTmp

Run Build Command:"/usr/bin/make" "cmTC_ec94b/fast"
/usr/bin/make -f CMakeFiles/cmTC_ec94b.dir/build.make CMakeFiles/cmTC_ec94b.dir/build
make[1]: Entering directory '/mnt/Documentos/Download/Fabro/ProjetoRemoteApi/CMakeFiles/CMakeTmp'
Building C object CMakeFiles/cmTC_ec94b.dir/CheckSymbolExists.c.o
/usr/bin/cc     -o CMakeFiles/cmTC_ec94b.dir/CheckSymbolExists.c.o   -c /mnt/Documentos/Download/Fabro/ProjetoRemoteApi/CMakeFiles/CMakeTmp/CheckSymbolExists.c
Linking C executable cmTC_ec94b
/usr/bin/cmake -E cmake_link_script CMakeFiles/cmTC_ec94b.dir/link.txt --verbose=1
/usr/bin/cc       CMakeFiles/cmTC_ec94b.dir/CheckSymbolExists.c.o  -o cmTC_ec94b -rdynamic 
CMakeFiles/cmTC_ec94b.dir/CheckSymbolExists.c.o: In function `main':
CheckSymbolExists.c:(.text+0x16): undefined reference to `pthread_create'
collect2: error: ld returned 1 exit status
CMakeFiles/cmTC_ec94b.dir/build.make:97: recipe for target 'cmTC_ec94b' failed
make[1]: *** [cmTC_ec94b] Error 1
make[1]: Leaving directory '/mnt/Documentos/Download/Fabro/ProjetoRemoteApi/CMakeFiles/CMakeTmp'
Makefile:126: recipe for target 'cmTC_ec94b/fast' failed
make: *** [cmTC_ec94b/fast] Error 2

File /mnt/Documentos/Download/Fabro/ProjetoRemoteApi/CMakeFiles/CMakeTmp/CheckSymbolExists.c:
/* */
#include <pthread.h>

int main(int argc, char** argv)
{
  (void)argv;
#ifndef pthread_create
  return ((int*)(&pthread_create))[argc];
#else
  (void)argc;
  return 0;
#endif
}

Determining if the function pthread_create exists in the pthreads failed with the following output:
Change Dir: /mnt/Documentos/Download/Fabro/ProjetoRemoteApi/CMakeFiles/CMakeTmp

Run Build Command:"/usr/bin/make" "cmTC_ccd7f/fast"
/usr/bin/make -f CMakeFiles/cmTC_ccd7f.dir/build.make CMakeFiles/cmTC_ccd7f.dir/build
make[1]: Entering directory '/mnt/Documentos/Download/Fabro/ProjetoRemoteApi/CMakeFiles/CMakeTmp'
Building C object CMakeFiles/cmTC_ccd7f.dir/CheckFunctionExists.c.o
/usr/bin/cc    -DCHECK_FUNCTION_EXISTS=pthread_create   -o CMakeFiles/cmTC_ccd7f.dir/CheckFunctionExists.c.o   -c /usr/share/cmake-3.5/Modules/CheckFunctionExists.c
Linking C executable cmTC_ccd7f
/usr/bin/cmake -E cmake_link_script CMakeFiles/cmTC_ccd7f.dir/link.txt --verbose=1
/usr/bin/cc   -DCHECK_FUNCTION_EXISTS=pthread_create    CMakeFiles/cmTC_ccd7f.dir/CheckFunctionExists.c.o  -o cmTC_ccd7f -rdynamic -lpthreads 
/usr/bin/ld: cannot find -lpthreads
collect2: error: ld returned 1 exit status
CMakeFiles/cmTC_ccd7f.dir/build.make:97: recipe for target 'cmTC_ccd7f' failed
make[1]: *** [cmTC_ccd7f] Error 1
make[1]: Leaving directory '/mnt/Documentos/Download/Fabro/ProjetoRemoteApi/CMakeFiles/CMakeTmp'
Makefile:126: recipe for target 'cmTC_ccd7f/fast' failed
make: *** [cmTC_ccd7f/fast] Error 2


Determining if the pthread_create exist failed with the following output:
Change Dir: /home/renato-bohler/Workspace/UTFPR/sistemas-inteligentes/GeneticAlgorithm/src/ProjetoRemoteApi/CMakeFiles/CMakeTmp

Run Build Command:"/usr/bin/make" "cmTC_2631d/fast"
/usr/bin/make -f CMakeFiles/cmTC_2631d.dir/build.make CMakeFiles/cmTC_2631d.dir/build
make[1]: Entering directory '/home/renato-bohler/Workspace/UTFPR/sistemas-inteligentes/GeneticAlgorithm/src/ProjetoRemoteApi/CMakeFiles/CMakeTmp'
Building C object CMakeFiles/cmTC_2631d.dir/CheckSymbolExists.c.o
/usr/bin/cc    -o CMakeFiles/cmTC_2631d.dir/CheckSymbolExists.c.o   -c /home/renato-bohler/Workspace/UTFPR/sistemas-inteligentes/GeneticAlgorithm/src/ProjetoRemoteApi/CMakeFiles/CMakeTmp/CheckSymbolExists.c
Linking C executable cmTC_2631d
/usr/bin/cmake -E cmake_link_script CMakeFiles/cmTC_2631d.dir/link.txt --verbose=1
/usr/bin/cc      -rdynamic CMakeFiles/cmTC_2631d.dir/CheckSymbolExists.c.o  -o cmTC_2631d 
CMakeFiles/cmTC_2631d.dir/CheckSymbolExists.c.o: In function `main':
CheckSymbolExists.c:(.text+0x1b): undefined reference to `pthread_create'
collect2: error: ld returned 1 exit status
CMakeFiles/cmTC_2631d.dir/build.make:97: recipe for target 'cmTC_2631d' failed
make[1]: *** [cmTC_2631d] Error 1
make[1]: Leaving directory '/home/renato-bohler/Workspace/UTFPR/sistemas-inteligentes/GeneticAlgorithm/src/ProjetoRemoteApi/CMakeFiles/CMakeTmp'
Makefile:126: recipe for target 'cmTC_2631d/fast' failed
make: *** [cmTC_2631d/fast] Error 2

File /home/renato-bohler/Workspace/UTFPR/sistemas-inteligentes/GeneticAlgorithm/src/ProjetoRemoteApi/CMakeFiles/CMakeTmp/CheckSymbolExists.c:
/* */
#include <pthread.h>

int main(int argc, char** argv)
{
  (void)argv;
#ifndef pthread_create
  return ((int*)(&pthread_create))[argc];
#else
  (void)argc;
  return 0;
#endif
}

Determining if the function pthread_create exists in the pthreads failed with the following output:
Change Dir: /home/renato-bohler/Workspace/UTFPR/sistemas-inteligentes/GeneticAlgorithm/src/ProjetoRemoteApi/CMakeFiles/CMakeTmp

Run Build Command:"/usr/bin/make" "cmTC_f7fa1/fast"
/usr/bin/make -f CMakeFiles/cmTC_f7fa1.dir/build.make CMakeFiles/cmTC_f7fa1.dir/build
make[1]: Entering directory '/home/renato-bohler/Workspace/UTFPR/sistemas-inteligentes/GeneticAlgorithm/src/ProjetoRemoteApi/CMakeFiles/CMakeTmp'
Building C object CMakeFiles/cmTC_f7fa1.dir/CheckFunctionExists.c.o
/usr/bin/cc   -DCHECK_FUNCTION_EXISTS=pthread_create   -o CMakeFiles/cmTC_f7fa1.dir/CheckFunctionExists.c.o   -c /usr/share/cmake-3.10/Modules/CheckFunctionExists.c
Linking C executable cmTC_f7fa1
/usr/bin/cmake -E cmake_link_script CMakeFiles/cmTC_f7fa1.dir/link.txt --verbose=1
/usr/bin/cc  -DCHECK_FUNCTION_EXISTS=pthread_create    -rdynamic CMakeFiles/cmTC_f7fa1.dir/CheckFunctionExists.c.o  -o cmTC_f7fa1 -lpthreads 
/usr/bin/x86_64-linux-gnu-ld: cannot find -lpthreads
collect2: error: ld returned 1 exit status
CMakeFiles/cmTC_f7fa1.dir/build.make:97: recipe for target 'cmTC_f7fa1' failed
make[1]: *** [cmTC_f7fa1] Error 1
make[1]: Leaving directory '/home/renato-bohler/Workspace/UTFPR/sistemas-inteligentes/GeneticAlgorithm/src/ProjetoRemoteApi/CMakeFiles/CMakeTmp'
Makefile:126: recipe for target 'cmTC_f7fa1/fast' failed
make: *** [cmTC_f7fa1/fast] Error 2


